Arguments: 
  C:\Program Files\nodejs\node.exe C:\Users\proge\AppData\Roaming\npm\node_modules\yarn\bin\yarn.js

PATH: 
  C:\WINDOWS\system32;C:\WINDOWS;C:\WINDOWS\System32\Wbem;C:\WINDOWS\System32\WindowsPowerShell\v1.0\;C:\WINDOWS\System32\OpenSSH\;C:\Program Files\nodejs\;C:\Program Files\Git\cmd;%USERPROFILE%\AppData\Local\Microsoft\WindowsApps;C:\Users\proge\AppData\Roaming\npm;C:\Users\proge\AppData\Local\Programs\Microsoft VS Code\bin;C:\Users\proge\AppData\Local\hyper\app-3.0.2\resources\bin;

Yarn version: 
  1.22.10

Node version: 
  14.16.0

Platform: 
  win32 x64

Trace: 
  Error: EPERM: operation not permitted, unlink 'C:\Users\proge\AppData\Local\Yarn\Cache\v6\npm-date-fns-2.19.0-65193348635a28d5d916c43ec7ce6fbd145059e1-integrity\node_modules\date-fns\.yarn-tarball.tgz'

npm manifest: 
  {
    "private": true,
    "name": "sanity-kitchen-sink-studio",
    "version": "1.0.7",
    "main": "package.json",
    "author": "Sanity <hello@sanity.io>",
    "scripts": {
      "dev": "sanity start",
      "format": "prettier-eslint --write \"**/*.js\" \"!node_modules/**\"",
      "build": "sanity build",
      "graphql-deploy": "sanity graphql deploy --playground",
      "test": "sanity check"
    },
    "dependencies": {
      "@sanity/base": "^2.1.3",
      "@sanity/cli": "^2.1.0",
      "@sanity/code-input": "^2.1.0",
      "@sanity/color-input": "^2.1.0",
      "@sanity/components": "^2.1.0",
      "@sanity/core": "^2.1.2",
      "@sanity/dashboard": "^2.1.0",
      "@sanity/default-layout": "^2.1.3",
      "@sanity/default-login": "^2.1.0",
      "@sanity/desk-tool": "^2.1.3",
      "@sanity/production-preview": "^2.1.0",
      "@sanity/vision": "^2.1.0",
      "katex": "^0.11.1",
      "prop-types": "^15.7.2",
      "react": "^17.0.1",
      "react-dom": "^17.0.1",
      "react-icons": "^3.11.0",
      "react-instagram-embed": "^1.5.0",
      "react-player": "^1.15.2",
      "sanity-plugin-asset-source-thispersondoesnotexist": "0.0.1",
      "sanity-plugin-asset-source-unsplash": "^0.1.3",
      "sanity-plugin-dashboard-widget-document-list": "^0.0.11",
      "sanity-plugin-dashboard-widget-netlify": "^1.0.1",
      "sanity-plugin-google-analytics": "^0.2.6",
      "sanity-plugin-mux-input": "^0.2.1"
    },
    "devDependencies": {}
  }

yarn manifest: 
  No manifest

Lockfile: 
  No lockfile
